[2025-08-19 20:38:40] Watcher started
[2025-08-19 20:40:33] Watcher started
[2025-08-19 20:41:21] Committed: 📦 Update: 5 files [20:41]
[2025-08-19 20:54:03] Committed: 📝 Update: TODO.md [20:54]
[2025-08-19 20:54:03] Pushing 1 commits...
[2025-08-19 20:54:04] Successfully pushed 1 commits
[2025-08-19 21:00:17] Committed: 📝 Update: TODO.md [21:00]
[2025-08-19 21:00:17] Pushing 1 commits...
[2025-08-19 21:00:18] Successfully pushed 1 commits
[2025-08-19 21:00:42] Committed: 📝 Update: .obsidian/workspace.json [21:00]
[2025-08-19 21:00:42] Pushing 1 commits...
[2025-08-19 21:00:44] Successfully pushed 1 commits
[2025-08-19 21:02:08] Committed: 📝 Update: TODO.md [21:02]
[2025-08-19 21:02:08] Pushing 1 commits...
[2025-08-19 21:02:09] Successfully pushed 1 commits
[2025-08-25 13:01:17] Watcher started
[2025-09-03 23:11:51] Committed: 📝 Update: TODO.md [23:11]
[2025-09-03 23:11:51] Pushing 1 commits...
[2025-09-03 23:11:52] Successfully pushed 1 commits
[2025-09-08 00:15:09] Watcher started
