1750506240.496481 client started (13861): version 3.5a, socket /private/tmp/tmux-501/default, protocol 8
1750506240.496531 on Darwin 24.5.0 Darwin Kernel Version 24.5.0: Tue Apr 22 19:54:49 PDT 2025; root:xnu-11417.121.6~2/RELEASE_ARM64_T6000
1750506240.496539 using libevent 2.1.12-stable select
1750506240.496747 using utf8proc 2.10.0
1750506240.496767 using ncurses 6.5 20240427
1750506240.496787 flags are 0x10010000
1750506240.496792 socket is /private/tmp/tmux-501/default
1750506240.496801 trying connect
1750506240.496839 add peer 0x140008000: 6 (0x0)
1750506240.498091 sending message 111 to peer 0x140008000 (8 bytes)
1750506240.498102 sending message 111 to peer 0x140008000 (8 bytes)
1750506240.498107 sending message 101 to peer 0x140008000 (15 bytes)
1750506240.498112 sending message 109 to peer 0x140008000 (4 bytes)
1750506240.498115 sending message 102 to peer 0x140008000 (13 bytes)
1750506240.498119 sending message 108 to peer 0x140008000 (27 bytes)
1750506240.498123 sending message 112 to peer 0x140008000 (58 bytes)
1750506240.498128 sending message 112 to peer 0x140008000 (5 bytes)
1750506240.498132 sending message 112 to peer 0x140008000 (5 bytes)
1750506240.498135 sending message 112 to peer 0x140008000 (6 bytes)
1750506240.498139 sending message 112 to peer 0x140008000 (6 bytes)
1750506240.498142 sending message 112 to peer 0x140008000 (11 bytes)
1750506240.498145 sending message 112 to peer 0x140008000 (10 bytes)
1750506240.498148 sending message 112 to peer 0x140008000 (13 bytes)
1750506240.498151 sending message 112 to peer 0x140008000 (14 bytes)
1750506240.498154 sending message 112 to peer 0x140008000 (19 bytes)
1750506240.498158 sending message 112 to peer 0x140008000 (11 bytes)
1750506240.498161 sending message 112 to peer 0x140008000 (10 bytes)
1750506240.498164 sending message 112 to peer 0x140008000 (15 bytes)
1750506240.498167 sending message 112 to peer 0x140008000 (21 bytes)
1750506240.498170 sending message 112 to peer 0x140008000 (13 bytes)
1750506240.498173 sending message 112 to peer 0x140008000 (7 bytes)
1750506240.498176 sending message 112 to peer 0x140008000 (13 bytes)
1750506240.498179 sending message 112 to peer 0x140008000 (7 bytes)
1750506240.498182 sending message 112 to peer 0x140008000 (13 bytes)
1750506240.498185 sending message 112 to peer 0x140008000 (9 bytes)
1750506240.498188 sending message 112 to peer 0x140008000 (21 bytes)
1750506240.498191 sending message 112 to peer 0x140008000 (13 bytes)
1750506240.498194 sending message 112 to peer 0x140008000 (9 bytes)
1750506240.498197 sending message 112 to peer 0x140008000 (16 bytes)
1750506240.498200 sending message 112 to peer 0x140008000 (13 bytes)
1750506240.498203 sending message 112 to peer 0x140008000 (9 bytes)
1750506240.498206 sending message 112 to peer 0x140008000 (9 bytes)
1750506240.498210 sending message 112 to peer 0x140008000 (12 bytes)
1750506240.498213 sending message 112 to peer 0x140008000 (8 bytes)
1750506240.498216 sending message 112 to peer 0x140008000 (8 bytes)
1750506240.498219 sending message 112 to peer 0x140008000 (13 bytes)
1750506240.498222 sending message 112 to peer 0x140008000 (7 bytes)
1750506240.498225 sending message 112 to peer 0x140008000 (7 bytes)
1750506240.498228 sending message 112 to peer 0x140008000 (9 bytes)
1750506240.498231 sending message 112 to peer 0x140008000 (9 bytes)
1750506240.498234 sending message 112 to peer 0x140008000 (15 bytes)
1750506240.498237 sending message 112 to peer 0x140008000 (13 bytes)
1750506240.498240 sending message 112 to peer 0x140008000 (12 bytes)
1750506240.498243 sending message 112 to peer 0x140008000 (8 bytes)
1750506240.498246 sending message 112 to peer 0x140008000 (14 bytes)
1750506240.498249 sending message 112 to peer 0x140008000 (11 bytes)
1750506240.498252 sending message 112 to peer 0x140008000 (9 bytes)
1750506240.498256 sending message 112 to peer 0x140008000 (10 bytes)
1750506240.498259 sending message 112 to peer 0x140008000 (10 bytes)
1750506240.498262 sending message 112 to peer 0x140008000 (10 bytes)
1750506240.498265 sending message 112 to peer 0x140008000 (10 bytes)
1750506240.498283 sending message 112 to peer 0x140008000 (11 bytes)
1750506240.498286 sending message 112 to peer 0x140008000 (12 bytes)
1750506240.498288 sending message 112 to peer 0x140008000 (12 bytes)
1750506240.498291 sending message 112 to peer 0x140008000 (12 bytes)
1750506240.498293 sending message 112 to peer 0x140008000 (12 bytes)
1750506240.498296 sending message 112 to peer 0x140008000 (12 bytes)
1750506240.498298 sending message 112 to peer 0x140008000 (11 bytes)
1750506240.498300 sending message 112 to peer 0x140008000 (11 bytes)
1750506240.498302 sending message 112 to peer 0x140008000 (12 bytes)
1750506240.498304 sending message 112 to peer 0x140008000 (12 bytes)
1750506240.498306 sending message 112 to peer 0x140008000 (12 bytes)
1750506240.498308 sending message 112 to peer 0x140008000 (12 bytes)
1750506240.498311 sending message 112 to peer 0x140008000 (12 bytes)
1750506240.498313 sending message 112 to peer 0x140008000 (9 bytes)
1750506240.498315 sending message 112 to peer 0x140008000 (12 bytes)
1750506240.498317 sending message 112 to peer 0x140008000 (13 bytes)
1750506240.498319 sending message 112 to peer 0x140008000 (13 bytes)
1750506240.498321 sending message 112 to peer 0x140008000 (13 bytes)
1750506240.498324 sending message 112 to peer 0x140008000 (13 bytes)
1750506240.498326 sending message 112 to peer 0x140008000 (13 bytes)
1750506240.498328 sending message 112 to peer 0x140008000 (8 bytes)
1750506240.498330 sending message 112 to peer 0x140008000 (11 bytes)
1750506240.498332 sending message 112 to peer 0x140008000 (11 bytes)
1750506240.498334 sending message 112 to peer 0x140008000 (11 bytes)
1750506240.498336 sending message 112 to peer 0x140008000 (12 bytes)
1750506240.498339 sending message 112 to peer 0x140008000 (12 bytes)
1750506240.498341 sending message 112 to peer 0x140008000 (12 bytes)
1750506240.498343 sending message 112 to peer 0x140008000 (12 bytes)
1750506240.498345 sending message 112 to peer 0x140008000 (13 bytes)
1750506240.498347 sending message 112 to peer 0x140008000 (13 bytes)
1750506240.498350 sending message 112 to peer 0x140008000 (13 bytes)
1750506240.498352 sending message 112 to peer 0x140008000 (8 bytes)
1750506240.498354 sending message 112 to peer 0x140008000 (13 bytes)
1750506240.498356 sending message 112 to peer 0x140008000 (13 bytes)
1750506240.498358 sending message 112 to peer 0x140008000 (13 bytes)
1750506240.498360 sending message 112 to peer 0x140008000 (13 bytes)
1750506240.498363 sending message 112 to peer 0x140008000 (13 bytes)
1750506240.498365 sending message 112 to peer 0x140008000 (12 bytes)
1750506240.498367 sending message 112 to peer 0x140008000 (12 bytes)
1750506240.498369 sending message 112 to peer 0x140008000 (12 bytes)
1750506240.498371 sending message 112 to peer 0x140008000 (12 bytes)
1750506240.498373 sending message 112 to peer 0x140008000 (13 bytes)
1750506240.498376 sending message 112 to peer 0x140008000 (8 bytes)
1750506240.498378 sending message 112 to peer 0x140008000 (13 bytes)
1750506240.498380 sending message 112 to peer 0x140008000 (13 bytes)
1750506240.498382 sending message 112 to peer 0x140008000 (13 bytes)
1750506240.498384 sending message 112 to peer 0x140008000 (13 bytes)
1750506240.498387 sending message 112 to peer 0x140008000 (13 bytes)
1750506240.498389 sending message 112 to peer 0x140008000 (13 bytes)
1750506240.498391 sending message 112 to peer 0x140008000 (13 bytes)
1750506240.498393 sending message 112 to peer 0x140008000 (12 bytes)
1750506240.498395 sending message 112 to peer 0x140008000 (12 bytes)
1750506240.498397 sending message 112 to peer 0x140008000 (12 bytes)
1750506240.498399 sending message 112 to peer 0x140008000 (8 bytes)
1750506240.498402 sending message 112 to peer 0x140008000 (12 bytes)
1750506240.498404 sending message 112 to peer 0x140008000 (13 bytes)
1750506240.498406 sending message 112 to peer 0x140008000 (13 bytes)
1750506240.498408 sending message 112 to peer 0x140008000 (13 bytes)
1750506240.498410 sending message 112 to peer 0x140008000 (13 bytes)
1750506240.498416 sending message 112 to peer 0x140008000 (13 bytes)
1750506240.498418 sending message 112 to peer 0x140008000 (13 bytes)
1750506240.498421 sending message 112 to peer 0x140008000 (13 bytes)
1750506240.498423 sending message 112 to peer 0x140008000 (13 bytes)
1750506240.498425 sending message 112 to peer 0x140008000 (12 bytes)
1750506240.498427 sending message 112 to peer 0x140008000 (10 bytes)
1750506240.498430 sending message 112 to peer 0x140008000 (12 bytes)
1750506240.498432 sending message 112 to peer 0x140008000 (12 bytes)
1750506240.498434 sending message 112 to peer 0x140008000 (12 bytes)
1750506240.498436 sending message 112 to peer 0x140008000 (13 bytes)
1750506240.498438 sending message 112 to peer 0x140008000 (13 bytes)
1750506240.498441 sending message 112 to peer 0x140008000 (13 bytes)
1750506240.498443 sending message 112 to peer 0x140008000 (13 bytes)
1750506240.498445 sending message 112 to peer 0x140008000 (13 bytes)
1750506240.498447 sending message 112 to peer 0x140008000 (13 bytes)
1750506240.498449 sending message 112 to peer 0x140008000 (13 bytes)
1750506240.498452 sending message 112 to peer 0x140008000 (10 bytes)
1750506240.498454 sending message 112 to peer 0x140008000 (13 bytes)
1750506240.498456 sending message 112 to peer 0x140008000 (12 bytes)
1750506240.498458 sending message 112 to peer 0x140008000 (12 bytes)
1750506240.498460 sending message 112 to peer 0x140008000 (12 bytes)
1750506240.498463 sending message 112 to peer 0x140008000 (10 bytes)
1750506240.498465 sending message 112 to peer 0x140008000 (10 bytes)
1750506240.498467 sending message 112 to peer 0x140008000 (10 bytes)
1750506240.498469 sending message 112 to peer 0x140008000 (12 bytes)
1750506240.498471 sending message 112 to peer 0x140008000 (13 bytes)
1750506240.498474 sending message 112 to peer 0x140008000 (13 bytes)
1750506240.498476 sending message 112 to peer 0x140008000 (13 bytes)
1750506240.498478 sending message 112 to peer 0x140008000 (13 bytes)
1750506240.498480 sending message 112 to peer 0x140008000 (13 bytes)
1750506240.498482 sending message 112 to peer 0x140008000 (10 bytes)
1750506240.498485 sending message 112 to peer 0x140008000 (11 bytes)
1750506240.498487 sending message 112 to peer 0x140008000 (12 bytes)
1750506240.498489 sending message 112 to peer 0x140008000 (12 bytes)
1750506240.498491 sending message 112 to peer 0x140008000 (12 bytes)
1750506240.498493 sending message 112 to peer 0x140008000 (12 bytes)
1750506240.498495 sending message 112 to peer 0x140008000 (12 bytes)
1750506240.498497 sending message 112 to peer 0x140008000 (11 bytes)
1750506240.498500 sending message 112 to peer 0x140008000 (12 bytes)
1750506240.498502 sending message 112 to peer 0x140008000 (12 bytes)
1750506240.498504 sending message 112 to peer 0x140008000 (13 bytes)
1750506240.498506 sending message 112 to peer 0x140008000 (13 bytes)
1750506240.498508 sending message 112 to peer 0x140008000 (13 bytes)
1750506240.498510 sending message 112 to peer 0x140008000 (13 bytes)
1750506240.498513 sending message 112 to peer 0x140008000 (13 bytes)
1750506240.498515 sending message 112 to peer 0x140008000 (10 bytes)
1750506240.498517 sending message 112 to peer 0x140008000 (9 bytes)
1750506240.498519 sending message 112 to peer 0x140008000 (12 bytes)
1750506240.498521 sending message 112 to peer 0x140008000 (13 bytes)
1750506240.498523 sending message 112 to peer 0x140008000 (13 bytes)
1750506240.498526 sending message 112 to peer 0x140008000 (13 bytes)
1750506240.498528 sending message 112 to peer 0x140008000 (13 bytes)
1750506240.498530 sending message 112 to peer 0x140008000 (13 bytes)
1750506240.498532 sending message 112 to peer 0x140008000 (9 bytes)
1750506240.498534 sending message 112 to peer 0x140008000 (12 bytes)
1750506240.498536 sending message 112 to peer 0x140008000 (13 bytes)
1750506240.498539 sending message 112 to peer 0x140008000 (13 bytes)
1750506240.498541 sending message 112 to peer 0x140008000 (13 bytes)
1750506240.498543 sending message 112 to peer 0x140008000 (13 bytes)
1750506240.498545 sending message 112 to peer 0x140008000 (13 bytes)
1750506240.498550 sending message 112 to peer 0x140008000 (11 bytes)
1750506240.498552 sending message 112 to peer 0x140008000 (12 bytes)
1750506240.498555 sending message 112 to peer 0x140008000 (13 bytes)
1750506240.498557 sending message 112 to peer 0x140008000 (13 bytes)
1750506240.498559 sending message 112 to peer 0x140008000 (13 bytes)
1750506240.498561 sending message 112 to peer 0x140008000 (13 bytes)
1750506240.498564 sending message 112 to peer 0x140008000 (13 bytes)
1750506240.498566 sending message 112 to peer 0x140008000 (11 bytes)
1750506240.498568 sending message 112 to peer 0x140008000 (12 bytes)
1750506240.498570 sending message 112 to peer 0x140008000 (12 bytes)
1750506240.498572 sending message 112 to peer 0x140008000 (12 bytes)
1750506240.498575 sending message 112 to peer 0x140008000 (12 bytes)
1750506240.498577 sending message 112 to peer 0x140008000 (12 bytes)
1750506240.498579 sending message 112 to peer 0x140008000 (21 bytes)
1750506240.498581 sending message 112 to peer 0x140008000 (12 bytes)
1750506240.498584 sending message 112 to peer 0x140008000 (9 bytes)
1750506240.498586 sending message 112 to peer 0x140008000 (6 bytes)
1750506240.498588 sending message 112 to peer 0x140008000 (13 bytes)
1750506240.498590 sending message 112 to peer 0x140008000 (10 bytes)
1750506240.498593 sending message 112 to peer 0x140008000 (24 bytes)
1750506240.498595 sending message 112 to peer 0x140008000 (13 bytes)
1750506240.498597 sending message 112 to peer 0x140008000 (9 bytes)
1750506240.498599 sending message 112 to peer 0x140008000 (70 bytes)
1750506240.498605 sending message 112 to peer 0x140008000 (69 bytes)
1750506240.498607 sending message 112 to peer 0x140008000 (12 bytes)
1750506240.498609 sending message 112 to peer 0x140008000 (10 bytes)
1750506240.498611 sending message 112 to peer 0x140008000 (10 bytes)
1750506240.498614 sending message 112 to peer 0x140008000 (24 bytes)
1750506240.498616 sending message 112 to peer 0x140008000 (13 bytes)
1750506240.498618 sending message 112 to peer 0x140008000 (10 bytes)
1750506240.498620 sending message 112 to peer 0x140008000 (10 bytes)
1750506240.498623 sending message 112 to peer 0x140008000 (10 bytes)
1750506240.498625 sending message 112 to peer 0x140008000 (13 bytes)
1750506240.498627 sending message 112 to peer 0x140008000 (15 bytes)
1750506240.498629 sending message 112 to peer 0x140008000 (5 bytes)
1750506240.498632 sending message 104 to peer 0x140008000 (0 bytes)
1750506240.498636 sending message 110 to peer 0x140008000 (0 bytes)
1750506240.498638 sending message 107 to peer 0x140008000 (4 bytes)
1750506240.498641 sending message 105 to peer 0x140008000 (31 bytes)
1750506240.498643 sending message 105 to peer 0x140008000 (38 bytes)
1750506240.498645 sending message 105 to peer 0x140008000 (54 bytes)
1750506240.498647 sending message 105 to peer 0x140008000 (72 bytes)
1750506240.498650 sending message 105 to peer 0x140008000 (12 bytes)
1750506240.498652 sending message 105 to peer 0x140008000 (22 bytes)
1750506240.498658 sending message 105 to peer 0x140008000 (628 bytes)
1750506240.498661 sending message 105 to peer 0x140008000 (16 bytes)
1750506240.498663 sending message 105 to peer 0x140008000 (16 bytes)
1750506240.498665 sending message 105 to peer 0x140008000 (15 bytes)
1750506240.498667 sending message 105 to peer 0x140008000 (17 bytes)
1750506240.498670 sending message 105 to peer 0x140008000 (224 bytes)
1750506240.498672 sending message 105 to peer 0x140008000 (12 bytes)
1750506240.498674 sending message 105 to peer 0x140008000 (14 bytes)
1750506240.498676 sending message 105 to peer 0x140008000 (20 bytes)
1750506240.498679 sending message 105 to peer 0x140008000 (47 bytes)
1750506240.498682 sending message 105 to peer 0x140008000 (4494 bytes)
1750506240.498684 sending message 105 to peer 0x140008000 (112 bytes)
1750506240.498687 sending message 105 to peer 0x140008000 (34 bytes)
1750506240.498689 sending message 105 to peer 0x140008000 (64 bytes)
1750506240.498691 sending message 105 to peer 0x140008000 (19 bytes)
1750506240.498698 sending message 105 to peer 0x140008000 (66 bytes)
1750506240.498701 sending message 105 to peer 0x140008000 (26 bytes)
1750506240.498703 sending message 105 to peer 0x140008000 (8 bytes)
1750506240.498705 sending message 105 to peer 0x140008000 (14 bytes)
1750506240.498708 sending message 105 to peer 0x140008000 (72 bytes)
1750506240.498710 sending message 105 to peer 0x140008000 (65 bytes)
1750506240.498712 sending message 105 to peer 0x140008000 (20 bytes)
1750506240.498714 sending message 105 to peer 0x140008000 (184 bytes)
1750506240.498716 sending message 105 to peer 0x140008000 (47 bytes)
1750506240.498719 sending message 105 to peer 0x140008000 (29 bytes)
1750506240.498721 sending message 105 to peer 0x140008000 (19 bytes)
1750506240.498723 sending message 105 to peer 0x140008000 (53 bytes)
1750506240.498725 sending message 105 to peer 0x140008000 (20 bytes)
1750506240.498727 sending message 105 to peer 0x140008000 (73 bytes)
1750506240.498730 sending message 105 to peer 0x140008000 (60 bytes)
1750506240.498732 sending message 105 to peer 0x140008000 (54 bytes)
1750506240.498734 sending message 105 to peer 0x140008000 (18 bytes)
1750506240.498736 sending message 105 to peer 0x140008000 (885 bytes)
1750506240.498739 sending message 105 to peer 0x140008000 (30 bytes)
1750506240.498741 sending message 105 to peer 0x140008000 (57 bytes)
1750506240.498743 sending message 105 to peer 0x140008000 (56 bytes)
1750506240.498745 sending message 105 to peer 0x140008000 (44 bytes)
1750506240.498749 sending message 105 to peer 0x140008000 (640 bytes)
1750506240.498752 sending message 105 to peer 0x140008000 (23 bytes)
1750506240.498754 sending message 105 to peer 0x140008000 (31 bytes)
1750506240.498780 sending message 105 to peer 0x140008000 (24 bytes)
1750506240.498789 sending message 105 to peer 0x140008000 (40 bytes)
1750506240.498793 sending message 105 to peer 0x140008000 (27 bytes)
1750506240.498795 sending message 105 to peer 0x140008000 (44 bytes)
1750506240.498798 sending message 105 to peer 0x140008000 (70 bytes)
1750506240.498800 sending message 105 to peer 0x140008000 (66 bytes)
1750506240.498802 sending message 106 to peer 0x140008000 (0 bytes)
1750506240.498847 sending message 200 to peer 0x140008000 (4 bytes)
1750506240.498851 client loop enter
1750506240.499088 peer 0x140008000 message 303
1750506240.499103 open write file 2 -
1750506240.499120 sending message 305 to peer 0x140008000 (8 bytes)
1750506240.499130 write check file 2
1750506240.499159 peer 0x140008000 message 304
1750506240.499162 write 58 to file 2
1750506240.499165 peer 0x140008000 message 203
1750506240.499170 file 2 58 bytes left
1750506240.499178 write check file 2
1750506240.499193 client loop exit
